[ 2018-07-07T01:12:30+08:00 ] 127.0.0.1 /admin/admin/showLoan.html
INFO: [ app_init ] --START--
INFO: Run Behavior\BuildLiteBehavior [ RunTime:0.000019s ]
INFO: [ app_init ] --END-- [ RunTime:0.000556s ]
INFO: [ app_begin ] --START--
INFO: Run Behavior\ReadHtmlCacheBehavior [ RunTime:0.000708s ]
INFO: [ app_begin ] --END-- [ RunTime:0.000792s ]
NOTIC: [8] Undefined index: name D:\co_project\msdai\Application\Admin\Controller\AdminController.class.php 第 78 行.
SQL: SHOW COLUMNS FROM `loan` [ RunTime:0.0005s ]
SQL: SELECT * FROM `loan` WHERE ( status=1 ) ORDER BY put_time desc  [ RunTime:0.0004s ]
INFO: [ view_parse ] --START--
INFO: [ template_filter ] --START--
INFO: Run Behavior\ContentReplaceBehavior [ RunTime:0.000042s ]
INFO: [ template_filter ] --END-- [ RunTime:0.000079s ]
INFO: Run Behavior\ParseTemplateBehavior [ RunTime:0.098621s ]
INFO: [ view_parse ] --END-- [ RunTime:0.098668s ]
INFO: [ view_filter ] --START--
INFO: Run Behavior\WriteHtmlCacheBehavior [ RunTime:0.000447s ]
INFO: [ view_filter ] --END-- [ RunTime:0.000478s ]
INFO: [ app_end ] --START--
INFO: Run Behavior\ShowPageTraceBehavior [ RunTime:0.000993s ]
INFO: [ app_end ] --END-- [ RunTime:0.001038s ]

[ 2018-07-07T01:12:31+08:00 ] 127.0.0.1 /admin/admin/showLoan.html
INFO: [ app_init ] --START--
INFO: Run Behavior\BuildLiteBehavior [ RunTime:0.000008s ]
INFO: [ app_init ] --END-- [ RunTime:0.000293s ]
INFO: [ app_begin ] --START--
INFO: Run Behavior\ReadHtmlCacheBehavior [ RunTime:0.000445s ]
INFO: [ app_begin ] --END-- [ RunTime:0.000479s ]
NOTIC: [8] Undefined index: name D:\co_project\msdai\Application\Admin\Controller\AdminController.class.php 第 78 行.
SQL: SHOW COLUMNS FROM `loan` [ RunTime:0.0006s ]
SQL: SELECT * FROM `loan` WHERE ( status=1 ) ORDER BY put_time desc  [ RunTime:0.0004s ]
INFO: [ view_parse ] --START--
INFO: [ template_filter ] --START--
INFO: Run Behavior\ContentReplaceBehavior [ RunTime:0.000031s ]
INFO: [ template_filter ] --END-- [ RunTime:0.000052s ]
INFO: Run Behavior\ParseTemplateBehavior [ RunTime:0.037533s ]
INFO: [ view_parse ] --END-- [ RunTime:0.037563s ]
INFO: [ view_filter ] --START--
INFO: Run Behavior\WriteHtmlCacheBehavior [ RunTime:0.000207s ]
INFO: [ view_filter ] --END-- [ RunTime:0.000225s ]
INFO: [ app_end ] --START--
INFO: Run Behavior\ShowPageTraceBehavior [ RunTime:0.000479s ]
INFO: [ app_end ] --END-- [ RunTime:0.000506s ]

[ 2018-07-07T01:12:34+08:00 ] 127.0.0.1 /admin/admin/checkLoan/?loan_id=100&uid=15
INFO: [ app_init ] --START--
INFO: Run Behavior\BuildLiteBehavior [ RunTime:0.000015s ]
INFO: [ app_init ] --END-- [ RunTime:0.001085s ]
INFO: [ app_begin ] --START--
INFO: Run Behavior\ReadHtmlCacheBehavior [ RunTime:0.001084s ]
INFO: [ app_begin ] --END-- [ RunTime:0.001142s ]
SQL: SHOW COLUMNS FROM `user` [ RunTime:0.0008s ]
SQL: SELECT `username` FROM `user` WHERE ( uid='15' ) LIMIT 1   [ RunTime:0.0004s ]
SQL: SHOW COLUMNS FROM `loan_info` [ RunTime:0.0010s ]
SQL: SELECT * FROM `loan_info` WHERE ( loan_id='100' ) LIMIT 1   [ RunTime:0.0005s ]
SQL: SHOW COLUMNS FROM `identify_one` [ RunTime:0.0214s ]
SQL: SELECT * FROM `identify_one` WHERE ( loan_id='100' ) LIMIT 1   [ RunTime:0.0013s ]
SQL: SHOW COLUMNS FROM `identify_two` [ RunTime:0.0007s ]
SQL: SELECT * FROM `identify_two` WHERE ( loan_id='100' ) LIMIT 1   [ RunTime:0.0004s ]
SQL: SHOW COLUMNS FROM `base_info` [ RunTime:0.0008s ]
SQL: SELECT * FROM `base_info` WHERE ( loan_id='100' ) LIMIT 1   [ RunTime:0.0004s ]
SQL: SHOW COLUMNS FROM `seasame` [ RunTime:0.0007s ]
SQL: SELECT * FROM `seasame` WHERE ( loan_id='100' ) LIMIT 1   [ RunTime:0.0003s ]
SQL: SHOW COLUMNS FROM `contact` [ RunTime:0.0005s ]
SQL: SELECT * FROM `contact` WHERE ( uid='15' )  [ RunTime:0.0004s ]
INFO: [ view_parse ] --START--
INFO: [ template_filter ] --START--
INFO: Run Behavior\ContentReplaceBehavior [ RunTime:0.000051s ]
INFO: [ template_filter ] --END-- [ RunTime:0.000106s ]
INFO: Run Behavior\ParseTemplateBehavior [ RunTime:0.083407s ]
INFO: [ view_parse ] --END-- [ RunTime:0.083450s ]
INFO: [ view_filter ] --START--
INFO: Run Behavior\WriteHtmlCacheBehavior [ RunTime:0.000269s ]
INFO: [ view_filter ] --END-- [ RunTime:0.000291s ]
INFO: [ app_end ] --START--
INFO: Run Behavior\ShowPageTraceBehavior [ RunTime:0.000475s ]
INFO: [ app_end ] --END-- [ RunTime:0.000498s ]

[ 2018-07-07T01:12:50+08:00 ] 127.0.0.1 /index.php/admin/admin/yes.html
INFO: [ app_init ] --START--
INFO: Run Behavior\BuildLiteBehavior [ RunTime:0.000007s ]
INFO: [ app_init ] --END-- [ RunTime:0.000250s ]
INFO: [ app_begin ] --START--
INFO: Run Behavior\ReadHtmlCacheBehavior [ RunTime:0.000328s ]
INFO: [ app_begin ] --END-- [ RunTime:0.000346s ]
SQL: SHOW COLUMNS FROM `loan` [ RunTime:0.0006s ]
SQL: UPDATE `loan` SET `status`='2' WHERE ( loan_id='100' ) [ RunTime:0.0003s ]

[ 2018-07-07T01:12:54+08:00 ] 127.0.0.1 /admin/admin/applyLoan.html
INFO: [ app_init ] --START--
INFO: Run Behavior\BuildLiteBehavior [ RunTime:0.000008s ]
INFO: [ app_init ] --END-- [ RunTime:0.000273s ]
INFO: [ app_begin ] --START--
INFO: Run Behavior\ReadHtmlCacheBehavior [ RunTime:0.000530s ]
INFO: [ app_begin ] --END-- [ RunTime:0.000564s ]
NOTIC: [8] Undefined index: name D:\co_project\msdai\Application\Admin\Controller\AdminController.class.php 第 159 行.
SQL: SHOW COLUMNS FROM `loan` [ RunTime:0.0009s ]
SQL: SELECT * FROM `loan` WHERE ( status=4 ) ORDER BY apply_time desc  [ RunTime:0.0004s ]
INFO: [ view_parse ] --START--
INFO: [ template_filter ] --START--
INFO: Run Behavior\ContentReplaceBehavior [ RunTime:0.000051s ]
INFO: [ template_filter ] --END-- [ RunTime:0.000102s ]
INFO: Run Behavior\ParseTemplateBehavior [ RunTime:0.087404s ]
INFO: [ view_parse ] --END-- [ RunTime:0.087435s ]
INFO: [ view_filter ] --START--
INFO: Run Behavior\WriteHtmlCacheBehavior [ RunTime:0.000229s ]
INFO: [ view_filter ] --END-- [ RunTime:0.000250s ]
INFO: [ app_end ] --START--
INFO: Run Behavior\ShowPageTraceBehavior [ RunTime:0.000917s ]
INFO: [ app_end ] --END-- [ RunTime:0.000966s ]

[ 2018-07-07T01:12:55+08:00 ] 127.0.0.1 /admin/admin/applyLoan.html
INFO: [ app_init ] --START--
INFO: Run Behavior\BuildLiteBehavior [ RunTime:0.000016s ]
INFO: [ app_init ] --END-- [ RunTime:0.000264s ]
INFO: [ app_begin ] --START--
INFO: Run Behavior\ReadHtmlCacheBehavior [ RunTime:0.000344s ]
INFO: [ app_begin ] --END-- [ RunTime:0.000365s ]
NOTIC: [8] Undefined index: name D:\co_project\msdai\Application\Admin\Controller\AdminController.class.php 第 159 行.
SQL: SHOW COLUMNS FROM `loan` [ RunTime:0.0010s ]
SQL: SELECT * FROM `loan` WHERE ( status=4 ) ORDER BY apply_time desc  [ RunTime:0.0008s ]
INFO: [ view_parse ] --START--
INFO: [ template_filter ] --START--
INFO: Run Behavior\ContentReplaceBehavior [ RunTime:0.000035s ]
INFO: [ template_filter ] --END-- [ RunTime:0.000061s ]
INFO: Run Behavior\ParseTemplateBehavior [ RunTime:0.045431s ]
INFO: [ view_parse ] --END-- [ RunTime:0.045477s ]
INFO: [ view_filter ] --START--
INFO: Run Behavior\WriteHtmlCacheBehavior [ RunTime:0.000213s ]
INFO: [ view_filter ] --END-- [ RunTime:0.000232s ]
INFO: [ app_end ] --START--
INFO: Run Behavior\ShowPageTraceBehavior [ RunTime:0.000476s ]
INFO: [ app_end ] --END-- [ RunTime:0.000502s ]

[ 2018-07-07T01:13:34+08:00 ] 127.0.0.1 /admin/admin/index
INFO: [ app_init ] --START--
INFO: Run Behavior\BuildLiteBehavior [ RunTime:0.000016s ]
INFO: [ app_init ] --END-- [ RunTime:0.000287s ]
INFO: [ app_begin ] --START--
INFO: Run Behavior\ReadHtmlCacheBehavior [ RunTime:0.000625s ]
INFO: [ app_begin ] --END-- [ RunTime:0.000657s ]
NOTIC: [8] Undefined index: admin_id D:\co_project\msdai\Application\Admin\Controller\BaseController.class.php 第 10 行.
INFO: [ view_parse ] --START--
INFO: [ template_filter ] --START--
INFO: Run Behavior\ContentReplaceBehavior [ RunTime:0.000020s ]
INFO: [ template_filter ] --END-- [ RunTime:0.000048s ]
INFO: Run Behavior\ParseTemplateBehavior [ RunTime:0.031565s ]
INFO: [ view_parse ] --END-- [ RunTime:0.031608s ]
INFO: [ view_filter ] --START--
INFO: Run Behavior\WriteHtmlCacheBehavior [ RunTime:0.000308s ]
INFO: [ view_filter ] --END-- [ RunTime:0.000329s ]

[ 2018-07-07T01:13:38+08:00 ] 127.0.0.1 /admin/admin/login
INFO: [ app_init ] --START--
INFO: Run Behavior\BuildLiteBehavior [ RunTime:0.000016s ]
INFO: [ app_init ] --END-- [ RunTime:0.000560s ]
INFO: [ app_begin ] --START--
INFO: Run Behavior\ReadHtmlCacheBehavior [ RunTime:0.000766s ]
INFO: [ app_begin ] --END-- [ RunTime:0.000800s ]
INFO: [ view_parse ] --START--
INFO: [ template_filter ] --START--
INFO: Run Behavior\ContentReplaceBehavior [ RunTime:0.000031s ]
INFO: [ template_filter ] --END-- [ RunTime:0.000075s ]
INFO: Run Behavior\ParseTemplateBehavior [ RunTime:0.015298s ]
INFO: [ view_parse ] --END-- [ RunTime:0.015370s ]
INFO: [ view_filter ] --START--
INFO: Run Behavior\WriteHtmlCacheBehavior [ RunTime:0.000256s ]
INFO: [ view_filter ] --END-- [ RunTime:0.000275s ]
INFO: [ app_end ] --START--
INFO: Run Behavior\ShowPageTraceBehavior [ RunTime:0.000476s ]
INFO: [ app_end ] --END-- [ RunTime:0.000495s ]

[ 2018-07-07T01:13:47+08:00 ] 127.0.0.1 /index.php/admin/admin/login.html
INFO: [ app_init ] --START--
INFO: Run Behavior\BuildLiteBehavior [ RunTime:0.000019s ]
INFO: [ app_init ] --END-- [ RunTime:0.000437s ]
INFO: [ app_begin ] --START--
INFO: Run Behavior\ReadHtmlCacheBehavior [ RunTime:0.000606s ]
INFO: [ app_begin ] --END-- [ RunTime:0.000629s ]
SQL: SHOW COLUMNS FROM `admin` [ RunTime:0.0005s ]
SQL: SELECT `uid` FROM `admin` WHERE ( username='admin' and password='admin123' ) LIMIT 1   [ RunTime:0.0003s ]

[ 2018-07-07T01:13:47+08:00 ] 127.0.0.1 /admin/admin/index
INFO: [ app_init ] --START--
INFO: Run Behavior\BuildLiteBehavior [ RunTime:0.000034s ]
INFO: [ app_init ] --END-- [ RunTime:0.001139s ]
INFO: [ app_begin ] --START--
INFO: Run Behavior\ReadHtmlCacheBehavior [ RunTime:0.000470s ]
INFO: [ app_begin ] --END-- [ RunTime:0.000507s ]
SQL: SHOW COLUMNS FROM `admin` [ RunTime:0.0010s ]
SQL: SELECT `username` FROM `admin` WHERE ( uid='1' ) LIMIT 1   [ RunTime:0.0012s ]
INFO: [ view_parse ] --START--
INFO: [ template_filter ] --START--
INFO: Run Behavior\ContentReplaceBehavior [ RunTime:0.000034s ]
INFO: [ template_filter ] --END-- [ RunTime:0.000066s ]
INFO: Run Behavior\ParseTemplateBehavior [ RunTime:0.009469s ]
INFO: [ view_parse ] --END-- [ RunTime:0.009525s ]
INFO: [ view_filter ] --START--
INFO: Run Behavior\WriteHtmlCacheBehavior [ RunTime:0.002263s ]
INFO: [ view_filter ] --END-- [ RunTime:0.002290s ]
INFO: [ app_end ] --START--
INFO: Run Behavior\ShowPageTraceBehavior [ RunTime:0.000686s ]
INFO: [ app_end ] --END-- [ RunTime:0.000711s ]

[ 2018-07-07T01:13:48+08:00 ] 127.0.0.1 /admin/admin/welcome.html
INFO: [ app_init ] --START--
INFO: Run Behavior\BuildLiteBehavior [ RunTime:0.000011s ]
INFO: [ app_init ] --END-- [ RunTime:0.000443s ]
INFO: [ app_begin ] --START--
INFO: Run Behavior\ReadHtmlCacheBehavior [ RunTime:0.000747s ]
INFO: [ app_begin ] --END-- [ RunTime:0.000838s ]
SQL: SHOW COLUMNS FROM `admin` [ RunTime:0.0009s ]
SQL: SELECT `username` FROM `admin` WHERE ( uid='1' ) LIMIT 1   [ RunTime:0.0004s ]
INFO: [ view_parse ] --START--
INFO: [ template_filter ] --START--
INFO: Run Behavior\ContentReplaceBehavior [ RunTime:0.000126s ]
INFO: [ template_filter ] --END-- [ RunTime:0.000179s ]
INFO: Run Behavior\ParseTemplateBehavior [ RunTime:0.040484s ]
INFO: [ view_parse ] --END-- [ RunTime:0.040545s ]
INFO: [ view_filter ] --START--
INFO: Run Behavior\WriteHtmlCacheBehavior [ RunTime:0.000394s ]
INFO: [ view_filter ] --END-- [ RunTime:0.000430s ]
INFO: [ app_end ] --START--
INFO: Run Behavior\ShowPageTraceBehavior [ RunTime:0.000750s ]
INFO: [ app_end ] --END-- [ RunTime:0.000793s ]

[ 2018-07-07T01:13:49+08:00 ] 127.0.0.1 /admin/admin/showLoan.html
INFO: [ app_init ] --START--
INFO: Run Behavior\BuildLiteBehavior [ RunTime:0.000011s ]
INFO: [ app_init ] --END-- [ RunTime:0.000414s ]
INFO: [ app_begin ] --START--
INFO: Run Behavior\ReadHtmlCacheBehavior [ RunTime:0.001197s ]
INFO: [ app_begin ] --END-- [ RunTime:0.001345s ]
NOTIC: [8] Undefined index: name D:\co_project\msdai\Application\Admin\Controller\AdminController.class.php 第 78 行.
SQL: SHOW COLUMNS FROM `loan` [ RunTime:0.0006s ]
SQL: SELECT * FROM `loan` WHERE ( status=1 ) ORDER BY put_time desc  [ RunTime:0.0004s ]
INFO: [ view_parse ] --START--
INFO: [ template_filter ] --START--
INFO: Run Behavior\ContentReplaceBehavior [ RunTime:0.000030s ]
INFO: [ template_filter ] --END-- [ RunTime:0.000053s ]
INFO: Run Behavior\ParseTemplateBehavior [ RunTime:0.044444s ]
INFO: [ view_parse ] --END-- [ RunTime:0.044485s ]
INFO: [ view_filter ] --START--
INFO: Run Behavior\WriteHtmlCacheBehavior [ RunTime:0.000288s ]
INFO: [ view_filter ] --END-- [ RunTime:0.000310s ]
INFO: [ app_end ] --START--
INFO: Run Behavior\ShowPageTraceBehavior [ RunTime:0.000767s ]
INFO: [ app_end ] --END-- [ RunTime:0.000818s ]

[ 2018-07-07T01:13:50+08:00 ] 127.0.0.1 /admin/admin/applyLoan.html
INFO: [ app_init ] --START--
INFO: Run Behavior\BuildLiteBehavior [ RunTime:0.000007s ]
INFO: [ app_init ] --END-- [ RunTime:0.000255s ]
INFO: [ app_begin ] --START--
INFO: Run Behavior\ReadHtmlCacheBehavior [ RunTime:0.000345s ]
INFO: [ app_begin ] --END-- [ RunTime:0.000365s ]
NOTIC: [8] Undefined index: name D:\co_project\msdai\Application\Admin\Controller\AdminController.class.php 第 159 行.
SQL: SHOW COLUMNS FROM `loan` [ RunTime:0.0012s ]
SQL: SELECT * FROM `loan` WHERE ( status=4 ) ORDER BY apply_time desc  [ RunTime:0.0006s ]
INFO: [ view_parse ] --START--
INFO: [ template_filter ] --START--
INFO: Run Behavior\ContentReplaceBehavior [ RunTime:0.000036s ]
INFO: [ template_filter ] --END-- [ RunTime:0.000066s ]
INFO: Run Behavior\ParseTemplateBehavior [ RunTime:0.054688s ]
INFO: [ view_parse ] --END-- [ RunTime:0.054751s ]
INFO: [ view_filter ] --START--
INFO: Run Behavior\WriteHtmlCacheBehavior [ RunTime:0.000448s ]
INFO: [ view_filter ] --END-- [ RunTime:0.000476s ]
INFO: [ app_end ] --START--
INFO: Run Behavior\ShowPageTraceBehavior [ RunTime:0.002560s ]
INFO: [ app_end ] --END-- [ RunTime:0.002647s ]

[ 2018-07-07T01:13:52+08:00 ] 127.0.0.1 /admin/admin/checkLoan/?loan_id=100&uid=15
INFO: [ app_init ] --START--
INFO: Run Behavior\BuildLiteBehavior [ RunTime:0.000013s ]
INFO: [ app_init ] --END-- [ RunTime:0.000503s ]
INFO: [ app_begin ] --START--
INFO: Run Behavior\ReadHtmlCacheBehavior [ RunTime:0.000639s ]
INFO: [ app_begin ] --END-- [ RunTime:0.000687s ]
SQL: SHOW COLUMNS FROM `user` [ RunTime:0.0012s ]
SQL: SELECT `username` FROM `user` WHERE ( uid='15' ) LIMIT 1   [ RunTime:0.0005s ]
SQL: SHOW COLUMNS FROM `loan_info` [ RunTime:0.0008s ]
SQL: SELECT * FROM `loan_info` WHERE ( loan_id='100' ) LIMIT 1   [ RunTime:0.0003s ]
SQL: SHOW COLUMNS FROM `identify_one` [ RunTime:0.0007s ]
SQL: SELECT * FROM `identify_one` WHERE ( loan_id='100' ) LIMIT 1   [ RunTime:0.0004s ]
SQL: SHOW COLUMNS FROM `identify_two` [ RunTime:0.0008s ]
SQL: SELECT * FROM `identify_two` WHERE ( loan_id='100' ) LIMIT 1   [ RunTime:0.0005s ]
SQL: SHOW COLUMNS FROM `base_info` [ RunTime:0.0006s ]
SQL: SELECT * FROM `base_info` WHERE ( loan_id='100' ) LIMIT 1   [ RunTime:0.0003s ]
SQL: SHOW COLUMNS FROM `seasame` [ RunTime:0.0006s ]
SQL: SELECT * FROM `seasame` WHERE ( loan_id='100' ) LIMIT 1   [ RunTime:0.0009s ]
SQL: SHOW COLUMNS FROM `contact` [ RunTime:0.0009s ]
SQL: SELECT * FROM `contact` WHERE ( uid='15' )  [ RunTime:0.0017s ]
INFO: [ view_parse ] --START--
INFO: [ template_filter ] --START--
INFO: Run Behavior\ContentReplaceBehavior [ RunTime:0.000050s ]
INFO: [ template_filter ] --END-- [ RunTime:0.000099s ]
INFO: Run Behavior\ParseTemplateBehavior [ RunTime:0.039261s ]
INFO: [ view_parse ] --END-- [ RunTime:0.039310s ]
INFO: [ view_filter ] --START--
INFO: Run Behavior\WriteHtmlCacheBehavior [ RunTime:0.000441s ]
INFO: [ view_filter ] --END-- [ RunTime:0.000477s ]
INFO: [ app_end ] --START--
INFO: Run Behavior\ShowPageTraceBehavior [ RunTime:0.001563s ]
INFO: [ app_end ] --END-- [ RunTime:0.001674s ]

