[ 2018-06-17T20:59:53+08:00 ] 127.0.0.1 /desk/entry/register
INFO: [ app_init ] --START--
INFO: Run Behavior\BuildLiteBehavior [ RunTime:0.000016s ]
INFO: [ app_init ] --END-- [ RunTime:0.053612s ]
INFO: [ app_begin ] --START--
INFO: Run Behavior\ReadHtmlCacheBehavior [ RunTime:0.000679s ]
INFO: [ app_begin ] --END-- [ RunTime:0.000713s ]
INFO: [ view_parse ] --START--
INFO: [ template_filter ] --START--
INFO: Run Behavior\ContentReplaceBehavior [ RunTime:0.038977s ]
INFO: [ template_filter ] --END-- [ RunTime:0.039019s ]
INFO: Run Behavior\ParseTemplateBehavior [ RunTime:0.094082s ]
INFO: [ view_parse ] --END-- [ RunTime:0.094127s ]
INFO: [ view_filter ] --START--
INFO: Run Behavior\WriteHtmlCacheBehavior [ RunTime:0.000465s ]
INFO: [ view_filter ] --END-- [ RunTime:0.000495s ]
INFO: [ app_end ] --START--
INFO: Run Behavior\ShowPageTraceBehavior [ RunTime:0.000895s ]
INFO: [ app_end ] --END-- [ RunTime:0.000939s ]

[ 2018-06-17T20:59:59+08:00 ] 127.0.0.1 /desk/entry/register
INFO: [ app_init ] --START--
INFO: Run Behavior\BuildLiteBehavior [ RunTime:0.000006s ]
INFO: [ app_init ] --END-- [ RunTime:0.000247s ]
INFO: [ app_begin ] --START--
INFO: Run Behavior\ReadHtmlCacheBehavior [ RunTime:0.000335s ]
INFO: [ app_begin ] --END-- [ RunTime:0.000356s ]
INFO: [ view_parse ] --START--
INFO: [ template_filter ] --START--
INFO: Run Behavior\ContentReplaceBehavior [ RunTime:0.000030s ]
INFO: [ template_filter ] --END-- [ RunTime:0.000093s ]
INFO: Run Behavior\ParseTemplateBehavior [ RunTime:0.008510s ]
INFO: [ view_parse ] --END-- [ RunTime:0.008547s ]
INFO: [ view_filter ] --START--
INFO: Run Behavior\WriteHtmlCacheBehavior [ RunTime:0.000255s ]
INFO: [ view_filter ] --END-- [ RunTime:0.000275s ]
INFO: [ app_end ] --START--
INFO: Run Behavior\ShowPageTraceBehavior [ RunTime:0.000423s ]
INFO: [ app_end ] --END-- [ RunTime:0.000440s ]

[ 2018-06-17T21:00:00+08:00 ] 127.0.0.1 /index.php/desk/entry/register.html
INFO: [ app_init ] --START--
INFO: Run Behavior\BuildLiteBehavior [ RunTime:0.000008s ]
INFO: [ app_init ] --END-- [ RunTime:0.000318s ]
INFO: [ app_begin ] --START--
INFO: Run Behavior\ReadHtmlCacheBehavior [ RunTime:0.000433s ]
INFO: [ app_begin ] --END-- [ RunTime:0.000458s ]
INFO: [ view_parse ] --START--
INFO: [ template_filter ] --START--
INFO: Run Behavior\ContentReplaceBehavior [ RunTime:0.000017s ]
INFO: [ template_filter ] --END-- [ RunTime:0.000046s ]
INFO: Run Behavior\ParseTemplateBehavior [ RunTime:0.006297s ]
INFO: [ view_parse ] --END-- [ RunTime:0.006326s ]
INFO: [ view_filter ] --START--
INFO: Run Behavior\WriteHtmlCacheBehavior [ RunTime:0.000219s ]
INFO: [ view_filter ] --END-- [ RunTime:0.000236s ]
INFO: [ app_end ] --START--
INFO: Run Behavior\ShowPageTraceBehavior [ RunTime:0.000402s ]
INFO: [ app_end ] --END-- [ RunTime:0.000420s ]

[ 2018-06-17T21:00:03+08:00 ] 127.0.0.1 /index.php/desk/entry/register.html
INFO: [ app_init ] --START--
INFO: Run Behavior\BuildLiteBehavior [ RunTime:0.000008s ]
INFO: [ app_init ] --END-- [ RunTime:0.000331s ]
INFO: [ app_begin ] --START--
INFO: Run Behavior\ReadHtmlCacheBehavior [ RunTime:0.000448s ]
INFO: [ app_begin ] --END-- [ RunTime:0.000473s ]
INFO: [ view_parse ] --START--
INFO: [ template_filter ] --START--
INFO: Run Behavior\ContentReplaceBehavior [ RunTime:0.000022s ]
INFO: [ template_filter ] --END-- [ RunTime:0.000054s ]
INFO: Run Behavior\ParseTemplateBehavior [ RunTime:0.005392s ]
INFO: [ view_parse ] --END-- [ RunTime:0.005423s ]
INFO: [ view_filter ] --START--
INFO: Run Behavior\WriteHtmlCacheBehavior [ RunTime:0.000216s ]
INFO: [ view_filter ] --END-- [ RunTime:0.000233s ]
INFO: [ app_end ] --START--
INFO: Run Behavior\ShowPageTraceBehavior [ RunTime:0.000401s ]
INFO: [ app_end ] --END-- [ RunTime:0.000422s ]

[ 2018-06-17T21:00:04+08:00 ] 127.0.0.1 /index.php/desk/entry/register.html
INFO: [ app_init ] --START--
INFO: Run Behavior\BuildLiteBehavior [ RunTime:0.000006s ]
INFO: [ app_init ] --END-- [ RunTime:0.000246s ]
INFO: [ app_begin ] --START--
INFO: Run Behavior\ReadHtmlCacheBehavior [ RunTime:0.000325s ]
INFO: [ app_begin ] --END-- [ RunTime:0.000345s ]
INFO: [ view_parse ] --START--
INFO: [ template_filter ] --START--
INFO: Run Behavior\ContentReplaceBehavior [ RunTime:0.000025s ]
INFO: [ template_filter ] --END-- [ RunTime:0.000059s ]
INFO: Run Behavior\ParseTemplateBehavior [ RunTime:0.004496s ]
INFO: [ view_parse ] --END-- [ RunTime:0.004526s ]
INFO: [ view_filter ] --START--
INFO: Run Behavior\WriteHtmlCacheBehavior [ RunTime:0.000217s ]
INFO: [ view_filter ] --END-- [ RunTime:0.000234s ]
INFO: [ app_end ] --START--
INFO: Run Behavior\ShowPageTraceBehavior [ RunTime:0.000406s ]
INFO: [ app_end ] --END-- [ RunTime:0.000425s ]

[ 2018-06-17T21:00:04+08:00 ] 127.0.0.1 /index.php/desk/entry/register.html
INFO: [ app_init ] --START--
INFO: Run Behavior\BuildLiteBehavior [ RunTime:0.000008s ]
INFO: [ app_init ] --END-- [ RunTime:0.000320s ]
INFO: [ app_begin ] --START--
INFO: Run Behavior\ReadHtmlCacheBehavior [ RunTime:0.000458s ]
INFO: [ app_begin ] --END-- [ RunTime:0.000484s ]
INFO: [ view_parse ] --START--
INFO: [ template_filter ] --START--
INFO: Run Behavior\ContentReplaceBehavior [ RunTime:0.000017s ]
INFO: [ template_filter ] --END-- [ RunTime:0.000042s ]
INFO: Run Behavior\ParseTemplateBehavior [ RunTime:0.004582s ]
INFO: [ view_parse ] --END-- [ RunTime:0.004618s ]
INFO: [ view_filter ] --START--
INFO: Run Behavior\WriteHtmlCacheBehavior [ RunTime:0.000296s ]
INFO: [ view_filter ] --END-- [ RunTime:0.000317s ]
INFO: [ app_end ] --START--
INFO: Run Behavior\ShowPageTraceBehavior [ RunTime:0.000512s ]
INFO: [ app_end ] --END-- [ RunTime:0.000533s ]

[ 2018-06-17T21:00:04+08:00 ] 127.0.0.1 /index.php/desk/entry/register.html
INFO: [ app_init ] --START--
INFO: Run Behavior\BuildLiteBehavior [ RunTime:0.000005s ]
INFO: [ app_init ] --END-- [ RunTime:0.000238s ]
INFO: [ app_begin ] --START--
INFO: Run Behavior\ReadHtmlCacheBehavior [ RunTime:0.000321s ]
INFO: [ app_begin ] --END-- [ RunTime:0.000339s ]
INFO: [ view_parse ] --START--
INFO: [ template_filter ] --START--
INFO: Run Behavior\ContentReplaceBehavior [ RunTime:0.000023s ]
INFO: [ template_filter ] --END-- [ RunTime:0.000056s ]
INFO: Run Behavior\ParseTemplateBehavior [ RunTime:0.005610s ]
INFO: [ view_parse ] --END-- [ RunTime:0.005641s ]
INFO: [ view_filter ] --START--
INFO: Run Behavior\WriteHtmlCacheBehavior [ RunTime:0.000227s ]
INFO: [ view_filter ] --END-- [ RunTime:0.000245s ]
INFO: [ app_end ] --START--
INFO: Run Behavior\ShowPageTraceBehavior [ RunTime:0.000405s ]
INFO: [ app_end ] --END-- [ RunTime:0.000422s ]

[ 2018-06-17T21:01:30+08:00 ] 127.0.0.1 /desk/entry/register
INFO: [ app_init ] --START--
INFO: Run Behavior\BuildLiteBehavior [ RunTime:0.000023s ]
INFO: [ app_init ] --END-- [ RunTime:0.000626s ]
INFO: [ app_begin ] --START--
INFO: Run Behavior\ReadHtmlCacheBehavior [ RunTime:0.000596s ]
INFO: [ app_begin ] --END-- [ RunTime:0.000665s ]
INFO: [ view_parse ] --START--
INFO: [ template_filter ] --START--
INFO: Run Behavior\ContentReplaceBehavior [ RunTime:0.000025s ]
INFO: [ template_filter ] --END-- [ RunTime:0.000065s ]
INFO: Run Behavior\ParseTemplateBehavior [ RunTime:0.006340s ]
INFO: [ view_parse ] --END-- [ RunTime:0.006394s ]
INFO: [ view_filter ] --START--
INFO: Run Behavior\WriteHtmlCacheBehavior [ RunTime:0.000402s ]
INFO: [ view_filter ] --END-- [ RunTime:0.000435s ]
INFO: [ app_end ] --START--
INFO: Run Behavior\ShowPageTraceBehavior [ RunTime:0.000612s ]
INFO: [ app_end ] --END-- [ RunTime:0.000639s ]

[ 2018-06-17T21:01:31+08:00 ] 127.0.0.1 /index.php/desk/entry/register.html
INFO: [ app_init ] --START--
INFO: Run Behavior\BuildLiteBehavior [ RunTime:0.000012s ]
INFO: [ app_init ] --END-- [ RunTime:0.000523s ]
INFO: [ app_begin ] --START--
INFO: Run Behavior\ReadHtmlCacheBehavior [ RunTime:0.000584s ]
INFO: [ app_begin ] --END-- [ RunTime:0.000617s ]

[ 2018-06-17T21:02:29+08:00 ] 127.0.0.1 /desk/entry/register
INFO: [ app_init ] --START--
INFO: Run Behavior\BuildLiteBehavior [ RunTime:0.000010s ]
INFO: [ app_init ] --END-- [ RunTime:0.001256s ]
INFO: [ app_begin ] --START--
INFO: Run Behavior\ReadHtmlCacheBehavior [ RunTime:0.000841s ]
INFO: [ app_begin ] --END-- [ RunTime:0.000890s ]
INFO: [ view_parse ] --START--
INFO: [ template_filter ] --START--
INFO: Run Behavior\ContentReplaceBehavior [ RunTime:0.000025s ]
INFO: [ template_filter ] --END-- [ RunTime:0.000071s ]
INFO: Run Behavior\ParseTemplateBehavior [ RunTime:0.006613s ]
INFO: [ view_parse ] --END-- [ RunTime:0.006651s ]
INFO: [ view_filter ] --START--
INFO: Run Behavior\WriteHtmlCacheBehavior [ RunTime:0.000401s ]
INFO: [ view_filter ] --END-- [ RunTime:0.000426s ]
INFO: [ app_end ] --START--
INFO: Run Behavior\ShowPageTraceBehavior [ RunTime:0.000646s ]
INFO: [ app_end ] --END-- [ RunTime:0.000672s ]

[ 2018-06-17T21:02:30+08:00 ] 127.0.0.1 /index.php/desk/entry/register.html
INFO: [ app_init ] --START--
INFO: Run Behavior\BuildLiteBehavior [ RunTime:0.000007s ]
INFO: [ app_init ] --END-- [ RunTime:0.000247s ]
INFO: [ app_begin ] --START--
INFO: Run Behavior\ReadHtmlCacheBehavior [ RunTime:0.000339s ]
INFO: [ app_begin ] --END-- [ RunTime:0.000359s ]

[ 2018-06-17T21:05:28+08:00 ] 127.0.0.1 /desk/entry/register
INFO: [ app_init ] --START--
INFO: Run Behavior\BuildLiteBehavior [ RunTime:0.000007s ]
INFO: [ app_init ] --END-- [ RunTime:0.000287s ]
INFO: [ app_begin ] --START--
INFO: Run Behavior\ReadHtmlCacheBehavior [ RunTime:0.000420s ]
INFO: [ app_begin ] --END-- [ RunTime:0.000440s ]
INFO: [ view_parse ] --START--
INFO: [ template_filter ] --START--
INFO: Run Behavior\ContentReplaceBehavior [ RunTime:0.000020s ]
INFO: [ template_filter ] --END-- [ RunTime:0.000047s ]
INFO: Run Behavior\ParseTemplateBehavior [ RunTime:0.005864s ]
INFO: [ view_parse ] --END-- [ RunTime:0.005905s ]
INFO: [ view_filter ] --START--
INFO: Run Behavior\WriteHtmlCacheBehavior [ RunTime:0.000384s ]
INFO: [ view_filter ] --END-- [ RunTime:0.000408s ]
INFO: [ app_end ] --START--
INFO: Run Behavior\ShowPageTraceBehavior [ RunTime:0.000633s ]
INFO: [ app_end ] --END-- [ RunTime:0.000660s ]

[ 2018-06-17T21:05:29+08:00 ] 127.0.0.1 /index.php/desk/entry/register.html
INFO: [ app_init ] --START--
INFO: Run Behavior\BuildLiteBehavior [ RunTime:0.000008s ]
INFO: [ app_init ] --END-- [ RunTime:0.000330s ]
INFO: [ app_begin ] --START--
INFO: Run Behavior\ReadHtmlCacheBehavior [ RunTime:0.000686s ]
INFO: [ app_begin ] --END-- [ RunTime:0.000720s ]

[ 2018-06-17T22:14:39+08:00 ] 127.0.0.1 /index.php/desk/entry/register.html
INFO: [ app_init ] --START--
INFO: Run Behavior\BuildLiteBehavior [ RunTime:0.000014s ]
INFO: [ app_init ] --END-- [ RunTime:0.059102s ]
INFO: [ app_begin ] --START--
INFO: Run Behavior\ReadHtmlCacheBehavior [ RunTime:0.036691s ]
INFO: [ app_begin ] --END-- [ RunTime:0.036731s ]
ERR: syntax error, unexpected ')'

[ 2018-06-17T22:14:39+08:00 ] 127.0.0.1 /index.php/desk/entry/register.html
INFO: [ app_init ] --START--
INFO: Run Behavior\BuildLiteBehavior [ RunTime:0.000014s ]
INFO: [ app_init ] --END-- [ RunTime:0.059102s ]
INFO: [ app_begin ] --START--
INFO: Run Behavior\ReadHtmlCacheBehavior [ RunTime:0.036306s ]
INFO: [ app_begin ] --END-- [ RunTime:0.036347s ]
ERR: syntax error, unexpected ')'

[ 2018-06-17T22:16:41+08:00 ] 127.0.0.1 /desk/entry/test
INFO: [ app_init ] --START--
INFO: Run Behavior\BuildLiteBehavior [ RunTime:0.000010s ]
INFO: [ app_init ] --END-- [ RunTime:0.000694s ]
INFO: [ app_begin ] --START--
INFO: Run Behavior\ReadHtmlCacheBehavior [ RunTime:0.000814s ]
INFO: [ app_begin ] --END-- [ RunTime:0.000865s ]
NOTIC: [2] hex2bin(): Hexadecimal input string must have an even length D:\co_project\msdai\Application\Desk\Controller\EntryController.class.php 第 104 行.
INFO: [ app_end ] --START--
INFO: Run Behavior\ShowPageTraceBehavior [ RunTime:0.025567s ]
INFO: [ app_end ] --END-- [ RunTime:0.025622s ]

[ 2018-06-17T22:17:15+08:00 ] 127.0.0.1 /desk/entry/test
INFO: [ app_init ] --START--
INFO: Run Behavior\BuildLiteBehavior [ RunTime:0.000012s ]
INFO: [ app_init ] --END-- [ RunTime:0.000616s ]
INFO: [ app_begin ] --START--
INFO: Run Behavior\ReadHtmlCacheBehavior [ RunTime:0.000560s ]
INFO: [ app_begin ] --END-- [ RunTime:0.000596s ]
NOTIC: [2] hex2bin(): Hexadecimal input string must have an even length D:\co_project\msdai\Application\Desk\Controller\EntryController.class.php 第 104 行.
INFO: [ app_end ] --START--
INFO: Run Behavior\ShowPageTraceBehavior [ RunTime:0.000963s ]
INFO: [ app_end ] --END-- [ RunTime:0.001013s ]

[ 2018-06-17T22:17:16+08:00 ] 127.0.0.1 /desk/entry/test
INFO: [ app_init ] --START--
INFO: Run Behavior\BuildLiteBehavior [ RunTime:0.000010s ]
INFO: [ app_init ] --END-- [ RunTime:0.000430s ]
INFO: [ app_begin ] --START--
INFO: Run Behavior\ReadHtmlCacheBehavior [ RunTime:0.000583s ]
INFO: [ app_begin ] --END-- [ RunTime:0.000622s ]
NOTIC: [2] hex2bin(): Hexadecimal input string must have an even length D:\co_project\msdai\Application\Desk\Controller\EntryController.class.php 第 104 行.
INFO: [ app_end ] --START--
INFO: Run Behavior\ShowPageTraceBehavior [ RunTime:0.000801s ]
INFO: [ app_end ] --END-- [ RunTime:0.000848s ]

[ 2018-06-17T22:17:16+08:00 ] 127.0.0.1 /desk/entry/test
INFO: [ app_init ] --START--
INFO: Run Behavior\BuildLiteBehavior [ RunTime:0.000009s ]
INFO: [ app_init ] --END-- [ RunTime:0.000330s ]
INFO: [ app_begin ] --START--
INFO: Run Behavior\ReadHtmlCacheBehavior [ RunTime:0.000509s ]
INFO: [ app_begin ] --END-- [ RunTime:0.000540s ]
NOTIC: [2] hex2bin(): Hexadecimal input string must have an even length D:\co_project\msdai\Application\Desk\Controller\EntryController.class.php 第 104 行.
INFO: [ app_end ] --START--
INFO: Run Behavior\ShowPageTraceBehavior [ RunTime:0.000932s ]
INFO: [ app_end ] --END-- [ RunTime:0.000984s ]

[ 2018-06-17T22:17:19+08:00 ] 127.0.0.1 /desk/entry/test
INFO: [ app_init ] --START--
INFO: Run Behavior\BuildLiteBehavior [ RunTime:0.000010s ]
INFO: [ app_init ] --END-- [ RunTime:0.000384s ]
INFO: [ app_begin ] --START--
INFO: Run Behavior\ReadHtmlCacheBehavior [ RunTime:0.000576s ]
INFO: [ app_begin ] --END-- [ RunTime:0.000615s ]
NOTIC: [2] hex2bin(): Hexadecimal input string must have an even length D:\co_project\msdai\Application\Desk\Controller\EntryController.class.php 第 104 行.
INFO: [ app_end ] --START--
INFO: Run Behavior\ShowPageTraceBehavior [ RunTime:0.000780s ]
INFO: [ app_end ] --END-- [ RunTime:0.000825s ]

[ 2018-06-17T22:17:20+08:00 ] 127.0.0.1 /desk/entry/test
INFO: [ app_init ] --START--
INFO: Run Behavior\BuildLiteBehavior [ RunTime:0.000006s ]
INFO: [ app_init ] --END-- [ RunTime:0.000249s ]
INFO: [ app_begin ] --START--
INFO: Run Behavior\ReadHtmlCacheBehavior [ RunTime:0.000328s ]
INFO: [ app_begin ] --END-- [ RunTime:0.000347s ]
NOTIC: [2] hex2bin(): Hexadecimal input string must have an even length D:\co_project\msdai\Application\Desk\Controller\EntryController.class.php 第 104 行.
INFO: [ app_end ] --START--
INFO: Run Behavior\ShowPageTraceBehavior [ RunTime:0.000461s ]
INFO: [ app_end ] --END-- [ RunTime:0.000489s ]

[ 2018-06-17T22:17:55+08:00 ] 127.0.0.1 /desk/entry/test
INFO: [ app_init ] --START--
INFO: Run Behavior\BuildLiteBehavior [ RunTime:0.000008s ]
INFO: [ app_init ] --END-- [ RunTime:0.000348s ]
INFO: [ app_begin ] --START--
INFO: Run Behavior\ReadHtmlCacheBehavior [ RunTime:0.000452s ]
INFO: [ app_begin ] --END-- [ RunTime:0.000478s ]
NOTIC: [2] hex2bin(): Hexadecimal input string must have an even length D:\co_project\msdai\Application\Desk\Controller\EntryController.class.php 第 104 行.
INFO: [ app_end ] --START--
INFO: Run Behavior\ShowPageTraceBehavior [ RunTime:0.000627s ]
INFO: [ app_end ] --END-- [ RunTime:0.000665s ]

[ 2018-06-17T22:17:55+08:00 ] 127.0.0.1 /desk/entry/test
INFO: [ app_init ] --START--
INFO: Run Behavior\BuildLiteBehavior [ RunTime:0.000009s ]
INFO: [ app_init ] --END-- [ RunTime:0.000368s ]
INFO: [ app_begin ] --START--
INFO: Run Behavior\ReadHtmlCacheBehavior [ RunTime:0.000481s ]
INFO: [ app_begin ] --END-- [ RunTime:0.000509s ]
NOTIC: [2] hex2bin(): Hexadecimal input string must have an even length D:\co_project\msdai\Application\Desk\Controller\EntryController.class.php 第 104 行.
INFO: [ app_end ] --START--
INFO: Run Behavior\ShowPageTraceBehavior [ RunTime:0.000705s ]
INFO: [ app_end ] --END-- [ RunTime:0.000749s ]

[ 2018-06-17T22:17:55+08:00 ] 127.0.0.1 /desk/entry/test
INFO: [ app_init ] --START--
INFO: Run Behavior\BuildLiteBehavior [ RunTime:0.000009s ]
INFO: [ app_init ] --END-- [ RunTime:0.000341s ]
INFO: [ app_begin ] --START--
INFO: Run Behavior\ReadHtmlCacheBehavior [ RunTime:0.000547s ]
INFO: [ app_begin ] --END-- [ RunTime:0.000582s ]
NOTIC: [2] hex2bin(): Hexadecimal input string must have an even length D:\co_project\msdai\Application\Desk\Controller\EntryController.class.php 第 104 行.
INFO: [ app_end ] --START--
INFO: Run Behavior\ShowPageTraceBehavior [ RunTime:0.000473s ]
INFO: [ app_end ] --END-- [ RunTime:0.000497s ]

[ 2018-06-17T22:17:56+08:00 ] 127.0.0.1 /desk/entry/test
INFO: [ app_init ] --START--
INFO: Run Behavior\BuildLiteBehavior [ RunTime:0.000028s ]
INFO: [ app_init ] --END-- [ RunTime:0.000815s ]
INFO: [ app_begin ] --START--
INFO: Run Behavior\ReadHtmlCacheBehavior [ RunTime:0.000614s ]
INFO: [ app_begin ] --END-- [ RunTime:0.000659s ]
NOTIC: [2] hex2bin(): Hexadecimal input string must have an even length D:\co_project\msdai\Application\Desk\Controller\EntryController.class.php 第 104 行.
INFO: [ app_end ] --START--
INFO: Run Behavior\ShowPageTraceBehavior [ RunTime:0.000974s ]
INFO: [ app_end ] --END-- [ RunTime:0.001022s ]

[ 2018-06-17T22:17:56+08:00 ] 127.0.0.1 /desk/entry/test
INFO: [ app_init ] --START--
INFO: Run Behavior\BuildLiteBehavior [ RunTime:0.000008s ]
INFO: [ app_init ] --END-- [ RunTime:0.000347s ]
INFO: [ app_begin ] --START--
INFO: Run Behavior\ReadHtmlCacheBehavior [ RunTime:0.000476s ]
INFO: [ app_begin ] --END-- [ RunTime:0.000502s ]
NOTIC: [2] hex2bin(): Hexadecimal input string must have an even length D:\co_project\msdai\Application\Desk\Controller\EntryController.class.php 第 104 行.
INFO: [ app_end ] --START--
INFO: Run Behavior\ShowPageTraceBehavior [ RunTime:0.000485s ]
INFO: [ app_end ] --END-- [ RunTime:0.000514s ]

[ 2018-06-17T22:17:56+08:00 ] 127.0.0.1 /desk/entry/test
INFO: [ app_init ] --START--
INFO: Run Behavior\BuildLiteBehavior [ RunTime:0.000008s ]
INFO: [ app_init ] --END-- [ RunTime:0.000365s ]
INFO: [ app_begin ] --START--
INFO: Run Behavior\ReadHtmlCacheBehavior [ RunTime:0.001081s ]
INFO: [ app_begin ] --END-- [ RunTime:0.001175s ]
NOTIC: [2] hex2bin(): Hexadecimal input string must have an even length D:\co_project\msdai\Application\Desk\Controller\EntryController.class.php 第 104 行.
INFO: [ app_end ] --START--
INFO: Run Behavior\ShowPageTraceBehavior [ RunTime:0.003466s ]
INFO: [ app_end ] --END-- [ RunTime:0.003520s ]

[ 2018-06-17T22:17:56+08:00 ] 127.0.0.1 /desk/entry/test
INFO: [ app_init ] --START--
INFO: Run Behavior\BuildLiteBehavior [ RunTime:0.000010s ]
INFO: [ app_init ] --END-- [ RunTime:0.000407s ]
INFO: [ app_begin ] --START--
INFO: Run Behavior\ReadHtmlCacheBehavior [ RunTime:0.000681s ]
INFO: [ app_begin ] --END-- [ RunTime:0.000734s ]
NOTIC: [2] hex2bin(): Hexadecimal input string must have an even length D:\co_project\msdai\Application\Desk\Controller\EntryController.class.php 第 104 行.
INFO: [ app_end ] --START--
INFO: Run Behavior\ShowPageTraceBehavior [ RunTime:0.000929s ]
INFO: [ app_end ] --END-- [ RunTime:0.000981s ]

[ 2018-06-17T22:17:57+08:00 ] 127.0.0.1 /desk/entry/test
INFO: [ app_init ] --START--
INFO: Run Behavior\BuildLiteBehavior [ RunTime:0.000013s ]
INFO: [ app_init ] --END-- [ RunTime:0.000421s ]
INFO: [ app_begin ] --START--
INFO: Run Behavior\ReadHtmlCacheBehavior [ RunTime:0.000517s ]
INFO: [ app_begin ] --END-- [ RunTime:0.000545s ]
NOTIC: [2] hex2bin(): Hexadecimal input string must have an even length D:\co_project\msdai\Application\Desk\Controller\EntryController.class.php 第 104 行.
INFO: [ app_end ] --START--
INFO: Run Behavior\ShowPageTraceBehavior [ RunTime:0.000655s ]
INFO: [ app_end ] --END-- [ RunTime:0.000691s ]

[ 2018-06-17T22:17:57+08:00 ] 127.0.0.1 /desk/entry/test
INFO: [ app_init ] --START--
INFO: Run Behavior\BuildLiteBehavior [ RunTime:0.000011s ]
INFO: [ app_init ] --END-- [ RunTime:0.000440s ]
INFO: [ app_begin ] --START--
INFO: Run Behavior\ReadHtmlCacheBehavior [ RunTime:0.000496s ]
INFO: [ app_begin ] --END-- [ RunTime:0.000526s ]
NOTIC: [2] hex2bin(): Hexadecimal input string must have an even length D:\co_project\msdai\Application\Desk\Controller\EntryController.class.php 第 104 行.
INFO: [ app_end ] --START--
INFO: Run Behavior\ShowPageTraceBehavior [ RunTime:0.000531s ]
INFO: [ app_end ] --END-- [ RunTime:0.000567s ]

[ 2018-06-17T22:17:57+08:00 ] 127.0.0.1 /desk/entry/test
INFO: [ app_init ] --START--
INFO: Run Behavior\BuildLiteBehavior [ RunTime:0.000011s ]
INFO: [ app_init ] --END-- [ RunTime:0.000378s ]
INFO: [ app_begin ] --START--
INFO: Run Behavior\ReadHtmlCacheBehavior [ RunTime:0.000667s ]
INFO: [ app_begin ] --END-- [ RunTime:0.000750s ]
NOTIC: [2] hex2bin(): Hexadecimal input string must have an even length D:\co_project\msdai\Application\Desk\Controller\EntryController.class.php 第 104 行.
INFO: [ app_end ] --START--
INFO: Run Behavior\ShowPageTraceBehavior [ RunTime:0.000745s ]
INFO: [ app_end ] --END-- [ RunTime:0.000789s ]

[ 2018-06-17T22:17:57+08:00 ] 127.0.0.1 /desk/entry/test
INFO: [ app_init ] --START--
INFO: Run Behavior\BuildLiteBehavior [ RunTime:0.000010s ]
INFO: [ app_init ] --END-- [ RunTime:0.000464s ]
INFO: [ app_begin ] --START--
INFO: Run Behavior\ReadHtmlCacheBehavior [ RunTime:0.000535s ]
INFO: [ app_begin ] --END-- [ RunTime:0.000571s ]
NOTIC: [2] hex2bin(): Hexadecimal input string must have an even length D:\co_project\msdai\Application\Desk\Controller\EntryController.class.php 第 104 行.
INFO: [ app_end ] --START--
INFO: Run Behavior\ShowPageTraceBehavior [ RunTime:0.000523s ]
INFO: [ app_end ] --END-- [ RunTime:0.000574s ]

[ 2018-06-17T22:17:57+08:00 ] 127.0.0.1 /desk/entry/test
INFO: [ app_init ] --START--
INFO: Run Behavior\BuildLiteBehavior [ RunTime:0.000013s ]
INFO: [ app_init ] --END-- [ RunTime:0.000471s ]
INFO: [ app_begin ] --START--
INFO: Run Behavior\ReadHtmlCacheBehavior [ RunTime:0.000585s ]
INFO: [ app_begin ] --END-- [ RunTime:0.000622s ]
NOTIC: [2] hex2bin(): Hexadecimal input string must have an even length D:\co_project\msdai\Application\Desk\Controller\EntryController.class.php 第 104 行.
INFO: [ app_end ] --START--
INFO: Run Behavior\ShowPageTraceBehavior [ RunTime:0.000792s ]
INFO: [ app_end ] --END-- [ RunTime:0.000844s ]

[ 2018-06-17T22:17:58+08:00 ] 127.0.0.1 /desk/entry/test
INFO: [ app_init ] --START--
INFO: Run Behavior\BuildLiteBehavior [ RunTime:0.000011s ]
INFO: [ app_init ] --END-- [ RunTime:0.000389s ]
INFO: [ app_begin ] --START--
INFO: Run Behavior\ReadHtmlCacheBehavior [ RunTime:0.000545s ]
INFO: [ app_begin ] --END-- [ RunTime:0.000584s ]
NOTIC: [2] hex2bin(): Hexadecimal input string must have an even length D:\co_project\msdai\Application\Desk\Controller\EntryController.class.php 第 104 行.
INFO: [ app_end ] --START--
INFO: Run Behavior\ShowPageTraceBehavior [ RunTime:0.000717s ]
INFO: [ app_end ] --END-- [ RunTime:0.000760s ]

[ 2018-06-17T22:18:39+08:00 ] 127.0.0.1 /desk/entry/test
INFO: [ app_init ] --START--
INFO: Run Behavior\BuildLiteBehavior [ RunTime:0.000011s ]
INFO: [ app_init ] --END-- [ RunTime:0.000422s ]
INFO: [ app_begin ] --START--
INFO: Run Behavior\ReadHtmlCacheBehavior [ RunTime:0.000603s ]
INFO: [ app_begin ] --END-- [ RunTime:0.000645s ]
INFO: [ app_end ] --START--
INFO: Run Behavior\ShowPageTraceBehavior [ RunTime:0.000837s ]
INFO: [ app_end ] --END-- [ RunTime:0.000908s ]

[ 2018-06-17T22:33:37+08:00 ] 127.0.0.1 /desk/entry/test
INFO: [ app_init ] --START--
INFO: Run Behavior\BuildLiteBehavior [ RunTime:0.000009s ]
INFO: [ app_init ] --END-- [ RunTime:0.000391s ]
INFO: [ app_begin ] --START--
INFO: Run Behavior\ReadHtmlCacheBehavior [ RunTime:0.000693s ]
INFO: [ app_begin ] --END-- [ RunTime:0.000733s ]
SQL: SHOW COLUMNS FROM `user_info` [ RunTime:0.0016s ]
NOTIC: [8] Undefined variable: user D:\co_project\msdai\Application\Desk\Controller\EntryController.class.php 第 103 行.
ERR: Call to a member function select() on null

[ 2018-06-17T22:34:02+08:00 ] 127.0.0.1 /desk/entry/test
INFO: [ app_init ] --START--
INFO: Run Behavior\BuildLiteBehavior [ RunTime:0.000012s ]
INFO: [ app_init ] --END-- [ RunTime:0.000383s ]
INFO: [ app_begin ] --START--
INFO: Run Behavior\ReadHtmlCacheBehavior [ RunTime:0.000464s ]
INFO: [ app_begin ] --END-- [ RunTime:0.000494s ]
SQL: SHOW COLUMNS FROM `user_info` [ RunTime:0.0009s ]
SQL: SELECT * FROM `user_info`  [ RunTime:0.0003s ]
INFO: [ app_end ] --START--
INFO: Run Behavior\ShowPageTraceBehavior [ RunTime:0.000656s ]
INFO: [ app_end ] --END-- [ RunTime:0.000688s ]

[ 2018-06-17T22:35:38+08:00 ] 127.0.0.1 /desk/entry/register
INFO: [ app_init ] --START--
INFO: Run Behavior\BuildLiteBehavior [ RunTime:0.000010s ]
INFO: [ app_init ] --END-- [ RunTime:0.000357s ]
INFO: [ app_begin ] --START--
INFO: Run Behavior\ReadHtmlCacheBehavior [ RunTime:0.000490s ]
INFO: [ app_begin ] --END-- [ RunTime:0.000521s ]
INFO: [ view_parse ] --START--
INFO: [ template_filter ] --START--
INFO: Run Behavior\ContentReplaceBehavior [ RunTime:0.000031s ]
INFO: [ template_filter ] --END-- [ RunTime:0.000073s ]
INFO: Run Behavior\ParseTemplateBehavior [ RunTime:0.349417s ]
INFO: [ view_parse ] --END-- [ RunTime:0.349457s ]
INFO: [ view_filter ] --START--
INFO: Run Behavior\WriteHtmlCacheBehavior [ RunTime:0.046181s ]
INFO: [ view_filter ] --END-- [ RunTime:0.046212s ]
INFO: [ app_end ] --START--
INFO: Run Behavior\ShowPageTraceBehavior [ RunTime:0.000498s ]
INFO: [ app_end ] --END-- [ RunTime:0.000519s ]

[ 2018-06-17T22:35:43+08:00 ] 127.0.0.1 /index.php/desk/entry/getCaptcha.html
INFO: [ app_init ] --START--
INFO: Run Behavior\BuildLiteBehavior [ RunTime:0.000014s ]
INFO: [ app_init ] --END-- [ RunTime:0.000503s ]
INFO: [ app_begin ] --START--
INFO: Run Behavior\ReadHtmlCacheBehavior [ RunTime:0.000446s ]
INFO: [ app_begin ] --END-- [ RunTime:0.000468s ]
ERR: MissingPhoneNumbers PhoneNumbers is mandatory for this action. HTTP Status: 400 RequestID: 201BF8A4-8F89-490A-97F8-BF39691F057E

[ 2018-06-17T22:36:06+08:00 ] 127.0.0.1 /index.php/desk/entry/getCaptcha.html
INFO: [ app_init ] --START--
INFO: Run Behavior\BuildLiteBehavior [ RunTime:0.000011s ]
INFO: [ app_init ] --END-- [ RunTime:0.000432s ]
INFO: [ app_begin ] --START--
INFO: Run Behavior\ReadHtmlCacheBehavior [ RunTime:0.000725s ]
INFO: [ app_begin ] --END-- [ RunTime:0.000845s ]
NOTIC: [8] Undefined index: username D:\co_project\msdai\Application\Desk\Controller\EntryController.class.php 第 69 行.
ERR: MissingPhoneNumbers PhoneNumbers is mandatory for this action. HTTP Status: 400 RequestID: 0B270F59-5049-426A-B528-391F0A2DE681

[ 2018-06-17T22:36:54+08:00 ] 127.0.0.1 /index.php/desk/entry/getCaptcha.html
INFO: [ app_init ] --START--
INFO: Run Behavior\BuildLiteBehavior [ RunTime:0.000008s ]
INFO: [ app_init ] --END-- [ RunTime:0.000301s ]
INFO: [ app_begin ] --START--
INFO: Run Behavior\ReadHtmlCacheBehavior [ RunTime:0.000384s ]
INFO: [ app_begin ] --END-- [ RunTime:0.000405s ]

[ 2018-06-17T22:37:14+08:00 ] 127.0.0.1 /index.php/desk/entry/register.html
INFO: [ app_init ] --START--
INFO: Run Behavior\BuildLiteBehavior [ RunTime:0.000006s ]
INFO: [ app_init ] --END-- [ RunTime:0.000285s ]
INFO: [ app_begin ] --START--
INFO: Run Behavior\ReadHtmlCacheBehavior [ RunTime:0.000380s ]
INFO: [ app_begin ] --END-- [ RunTime:0.000402s ]
NOTIC: [8] Undefined index: number D:\co_project\msdai\Application\Desk\Controller\EntryController.class.php 第 30 行.
NOTIC: [8] Undefined index: code D:\co_project\msdai\Application\Desk\Controller\EntryController.class.php 第 32 行.
NOTIC: [8] Undefined variable: number D:\co_project\msdai\Application\Desk\Controller\EntryController.class.php 第 36 行.
NOTIC: [8] Undefined variable: number D:\co_project\msdai\Application\Desk\Controller\EntryController.class.php 第 39 行.

[ 2018-06-17T22:38:58+08:00 ] 127.0.0.1 /index.php/desk/entry/register.html
INFO: [ app_init ] --START--
INFO: Run Behavior\BuildLiteBehavior [ RunTime:0.000008s ]
INFO: [ app_init ] --END-- [ RunTime:0.000383s ]
INFO: [ app_begin ] --START--
INFO: Run Behavior\ReadHtmlCacheBehavior [ RunTime:0.000539s ]
INFO: [ app_begin ] --END-- [ RunTime:0.000565s ]
NOTIC: [8] Undefined index: number D:\co_project\msdai\Application\Desk\Controller\EntryController.class.php 第 30 行.
NOTIC: [8] Undefined index: code D:\co_project\msdai\Application\Desk\Controller\EntryController.class.php 第 32 行.
NOTIC: [8] Undefined variable: number D:\co_project\msdai\Application\Desk\Controller\EntryController.class.php 第 36 行.
NOTIC: [8] Undefined variable: number D:\co_project\msdai\Application\Desk\Controller\EntryController.class.php 第 39 行.

[ 2018-06-17T22:42:05+08:00 ] 127.0.0.1 /desk/entry/register
INFO: [ app_init ] --START--
INFO: Run Behavior\BuildLiteBehavior [ RunTime:0.000009s ]
INFO: [ app_init ] --END-- [ RunTime:0.000426s ]
INFO: [ app_begin ] --START--
INFO: Run Behavior\ReadHtmlCacheBehavior [ RunTime:0.000590s ]
INFO: [ app_begin ] --END-- [ RunTime:0.000629s ]
INFO: [ view_parse ] --START--
INFO: [ template_filter ] --START--
INFO: Run Behavior\ContentReplaceBehavior [ RunTime:0.000021s ]
INFO: [ template_filter ] --END-- [ RunTime:0.000050s ]
INFO: Run Behavior\ParseTemplateBehavior [ RunTime:0.005887s ]
INFO: [ view_parse ] --END-- [ RunTime:0.005931s ]
INFO: [ view_filter ] --START--
INFO: Run Behavior\WriteHtmlCacheBehavior [ RunTime:0.000530s ]
INFO: [ view_filter ] --END-- [ RunTime:0.000565s ]
INFO: [ app_end ] --START--
INFO: Run Behavior\ShowPageTraceBehavior [ RunTime:0.000627s ]
INFO: [ app_end ] --END-- [ RunTime:0.000653s ]

[ 2018-06-17T22:42:15+08:00 ] 127.0.0.1 /index.php/desk/entry/register.html
INFO: [ app_init ] --START--
INFO: Run Behavior\BuildLiteBehavior [ RunTime:0.000006s ]
INFO: [ app_init ] --END-- [ RunTime:0.000268s ]
INFO: [ app_begin ] --START--
INFO: Run Behavior\ReadHtmlCacheBehavior [ RunTime:0.000327s ]
INFO: [ app_begin ] --END-- [ RunTime:0.000345s ]
NOTIC: [8] Undefined index: number D:\co_project\msdai\Application\Desk\Controller\EntryController.class.php 第 30 行.
NOTIC: [8] Undefined index: code D:\co_project\msdai\Application\Desk\Controller\EntryController.class.php 第 32 行.
NOTIC: [8] Undefined variable: number D:\co_project\msdai\Application\Desk\Controller\EntryController.class.php 第 36 行.
NOTIC: [8] Undefined variable: number D:\co_project\msdai\Application\Desk\Controller\EntryController.class.php 第 39 行.

[ 2018-06-17T22:42:33+08:00 ] 127.0.0.1 /desk/entry/register
INFO: [ app_init ] --START--
INFO: Run Behavior\BuildLiteBehavior [ RunTime:0.000008s ]
INFO: [ app_init ] --END-- [ RunTime:0.000292s ]
INFO: [ app_begin ] --START--
INFO: Run Behavior\ReadHtmlCacheBehavior [ RunTime:0.000384s ]
INFO: [ app_begin ] --END-- [ RunTime:0.000409s ]
INFO: [ view_parse ] --START--
INFO: [ template_filter ] --START--
INFO: Run Behavior\ContentReplaceBehavior [ RunTime:0.000030s ]
INFO: [ template_filter ] --END-- [ RunTime:0.000079s ]
INFO: Run Behavior\ParseTemplateBehavior [ RunTime:0.008288s ]
INFO: [ view_parse ] --END-- [ RunTime:0.008331s ]
INFO: [ view_filter ] --START--
INFO: Run Behavior\WriteHtmlCacheBehavior [ RunTime:0.000345s ]
INFO: [ view_filter ] --END-- [ RunTime:0.000375s ]
INFO: [ app_end ] --START--
INFO: Run Behavior\ShowPageTraceBehavior [ RunTime:0.000644s ]
INFO: [ app_end ] --END-- [ RunTime:0.000675s ]

[ 2018-06-17T22:42:43+08:00 ] 127.0.0.1 /index.php/desk/entry/register.html
INFO: [ app_init ] --START--
INFO: Run Behavior\BuildLiteBehavior [ RunTime:0.000009s ]
INFO: [ app_init ] --END-- [ RunTime:0.000390s ]
INFO: [ app_begin ] --START--
INFO: Run Behavior\ReadHtmlCacheBehavior [ RunTime:0.000527s ]
INFO: [ app_begin ] --END-- [ RunTime:0.000554s ]
NOTIC: [8] Undefined index: code D:\co_project\msdai\Application\Desk\Controller\EntryController.class.php 第 32 行.
NOTIC: [8] Undefined variable: number D:\co_project\msdai\Application\Desk\Controller\EntryController.class.php 第 36 行.
NOTIC: [8] Undefined variable: number D:\co_project\msdai\Application\Desk\Controller\EntryController.class.php 第 39 行.
SQL: SHOW COLUMNS FROM `user` [ RunTime:0.0015s ]
NOTIC: [8] Undefined variable: rule_register D:\co_project\msdai\Application\Desk\Controller\EntryController.class.php 第 51 行.
NOTIC: [8] Undefined index: auto D:\co_project\msdai\ThinkPHP\Library\Think\Model.class.php 第 1128 行.
ERR: 1048:Column 'username' cannot be null
 [ SQL语句 ] : INSERT INTO `user` (`username`,`password`,`pid`,`code`) VALUES (NULL,'xuhao9898','0','d41d8cd98f00b204e9800998ecf8427e')
ERR: 1048:Column 'username' cannot be null
 [ SQL语句 ] : INSERT INTO `user` (`username`,`password`,`pid`,`code`) VALUES (NULL,'xuhao9898','0','d41d8cd98f00b204e9800998ecf8427e')

[ 2018-06-17T22:43:16+08:00 ] 127.0.0.1 /desk/entry/register
INFO: [ app_init ] --START--
INFO: Run Behavior\BuildLiteBehavior [ RunTime:0.000012s ]
INFO: [ app_init ] --END-- [ RunTime:0.000449s ]
INFO: [ app_begin ] --START--
INFO: Run Behavior\ReadHtmlCacheBehavior [ RunTime:0.000652s ]
INFO: [ app_begin ] --END-- [ RunTime:0.000704s ]
INFO: [ view_parse ] --START--
INFO: [ template_filter ] --START--
INFO: Run Behavior\ContentReplaceBehavior [ RunTime:0.000035s ]
INFO: [ template_filter ] --END-- [ RunTime:0.000088s ]
INFO: Run Behavior\ParseTemplateBehavior [ RunTime:0.009192s ]
INFO: [ view_parse ] --END-- [ RunTime:0.009243s ]
INFO: [ view_filter ] --START--
INFO: Run Behavior\WriteHtmlCacheBehavior [ RunTime:0.000380s ]
INFO: [ view_filter ] --END-- [ RunTime:0.000415s ]
INFO: [ app_end ] --START--
INFO: Run Behavior\ShowPageTraceBehavior [ RunTime:0.000691s ]
INFO: [ app_end ] --END-- [ RunTime:0.000728s ]

[ 2018-06-17T22:43:31+08:00 ] 127.0.0.1 /index.php/desk/entry/register.html
INFO: [ app_init ] --START--
INFO: Run Behavior\BuildLiteBehavior [ RunTime:0.000013s ]
INFO: [ app_init ] --END-- [ RunTime:0.000568s ]
INFO: [ app_begin ] --START--
INFO: Run Behavior\ReadHtmlCacheBehavior [ RunTime:0.000649s ]
INFO: [ app_begin ] --END-- [ RunTime:0.000691s ]
NOTIC: [8] Undefined index: code D:\co_project\msdai\Application\Desk\Controller\EntryController.class.php 第 32 行.
NOTIC: [8] Undefined variable: number D:\co_project\msdai\Application\Desk\Controller\EntryController.class.php 第 39 行.
SQL: SHOW COLUMNS FROM `user` [ RunTime:0.0009s ]
NOTIC: [8] Undefined variable: rule_register D:\co_project\msdai\Application\Desk\Controller\EntryController.class.php 第 51 行.
NOTIC: [8] Undefined index: auto D:\co_project\msdai\ThinkPHP\Library\Think\Model.class.php 第 1128 行.
SQL: INSERT INTO `user` (`username`,`password`,`pid`,`code`) VALUES ('18752119984','xuhao9898','0','d41d8cd98f00b204e9800998ecf8427e') [ RunTime:0.0005s ]
ERR: Think\Model:getFiled方法不存在！

[ 2018-06-17T22:43:52+08:00 ] 127.0.0.1 /desk/entry/register
INFO: [ app_init ] --START--
INFO: Run Behavior\BuildLiteBehavior [ RunTime:0.000040s ]
INFO: [ app_init ] --END-- [ RunTime:0.000526s ]
INFO: [ app_begin ] --START--
INFO: Run Behavior\ReadHtmlCacheBehavior [ RunTime:0.000721s ]
INFO: [ app_begin ] --END-- [ RunTime:0.000771s ]
INFO: [ view_parse ] --START--
INFO: [ template_filter ] --START--
INFO: Run Behavior\ContentReplaceBehavior [ RunTime:0.000022s ]
INFO: [ template_filter ] --END-- [ RunTime:0.000055s ]
INFO: Run Behavior\ParseTemplateBehavior [ RunTime:0.007095s ]
INFO: [ view_parse ] --END-- [ RunTime:0.007244s ]
INFO: [ view_filter ] --START--
INFO: Run Behavior\WriteHtmlCacheBehavior [ RunTime:0.002267s ]
INFO: [ view_filter ] --END-- [ RunTime:0.002354s ]
INFO: [ app_end ] --START--
INFO: Run Behavior\ShowPageTraceBehavior [ RunTime:0.001110s ]
INFO: [ app_end ] --END-- [ RunTime:0.001147s ]

[ 2018-06-17T22:44:02+08:00 ] 127.0.0.1 /index.php/desk/entry/register.html
INFO: [ app_init ] --START--
INFO: Run Behavior\BuildLiteBehavior [ RunTime:0.000010s ]
INFO: [ app_init ] --END-- [ RunTime:0.000429s ]
INFO: [ app_begin ] --START--
INFO: Run Behavior\ReadHtmlCacheBehavior [ RunTime:0.000635s ]
INFO: [ app_begin ] --END-- [ RunTime:0.000672s ]
NOTIC: [8] Undefined index: code D:\co_project\msdai\Application\Desk\Controller\EntryController.class.php 第 32 行.
NOTIC: [8] Undefined variable: number D:\co_project\msdai\Application\Desk\Controller\EntryController.class.php 第 39 行.
SQL: SHOW COLUMNS FROM `user` [ RunTime:0.0138s ]
NOTIC: [8] Undefined variable: rule_register D:\co_project\msdai\Application\Desk\Controller\EntryController.class.php 第 51 行.
NOTIC: [8] Undefined index: auto D:\co_project\msdai\ThinkPHP\Library\Think\Model.class.php 第 1128 行.
SQL: INSERT INTO `user` (`username`,`password`,`pid`,`code`) VALUES ('18752119984','xuhao9898','0','d41d8cd98f00b204e9800998ecf8427e') [ RunTime:0.0003s ]
ERR: 1054:Unknown column 'number' in 'where clause'
 [ SQL语句 ] : SELECT `uid` FROM `user` WHERE ( number='18752119984' ) LIMIT 1  
ERR: 1054:Unknown column 'number' in 'where clause'
 [ SQL语句 ] : SELECT `uid` FROM `user` WHERE ( number='18752119984' ) LIMIT 1  

[ 2018-06-17T22:44:18+08:00 ] 127.0.0.1 /desk/entry/register
INFO: [ app_init ] --START--
INFO: Run Behavior\BuildLiteBehavior [ RunTime:0.000016s ]
INFO: [ app_init ] --END-- [ RunTime:0.000904s ]
INFO: [ app_begin ] --START--
INFO: Run Behavior\ReadHtmlCacheBehavior [ RunTime:0.000739s ]
INFO: [ app_begin ] --END-- [ RunTime:0.000778s ]
INFO: [ view_parse ] --START--
INFO: [ template_filter ] --START--
INFO: Run Behavior\ContentReplaceBehavior [ RunTime:0.000033s ]
INFO: [ template_filter ] --END-- [ RunTime:0.000083s ]
INFO: Run Behavior\ParseTemplateBehavior [ RunTime:0.008823s ]
INFO: [ view_parse ] --END-- [ RunTime:0.008865s ]
INFO: [ view_filter ] --START--
INFO: Run Behavior\WriteHtmlCacheBehavior [ RunTime:0.000345s ]
INFO: [ view_filter ] --END-- [ RunTime:0.000366s ]
INFO: [ app_end ] --START--
INFO: Run Behavior\ShowPageTraceBehavior [ RunTime:0.000570s ]
INFO: [ app_end ] --END-- [ RunTime:0.000598s ]

[ 2018-06-17T22:44:27+08:00 ] 127.0.0.1 /index.php/desk/entry/register.html
INFO: [ app_init ] --START--
INFO: Run Behavior\BuildLiteBehavior [ RunTime:0.000010s ]
INFO: [ app_init ] --END-- [ RunTime:0.000473s ]
INFO: [ app_begin ] --START--
INFO: Run Behavior\ReadHtmlCacheBehavior [ RunTime:0.000615s ]
INFO: [ app_begin ] --END-- [ RunTime:0.000646s ]
NOTIC: [8] Undefined index: code D:\co_project\msdai\Application\Desk\Controller\EntryController.class.php 第 32 行.
NOTIC: [8] Undefined variable: number D:\co_project\msdai\Application\Desk\Controller\EntryController.class.php 第 39 行.
SQL: SHOW COLUMNS FROM `user` [ RunTime:0.0126s ]
NOTIC: [8] Undefined variable: rule_register D:\co_project\msdai\Application\Desk\Controller\EntryController.class.php 第 51 行.
NOTIC: [8] Undefined index: auto D:\co_project\msdai\ThinkPHP\Library\Think\Model.class.php 第 1128 行.
SQL: INSERT INTO `user` (`username`,`password`,`pid`,`code`) VALUES ('18752119984','xuhao9898','0','d41d8cd98f00b204e9800998ecf8427e') [ RunTime:0.0003s ]
SQL: SELECT `uid` FROM `user` WHERE ( username='18752119984' ) LIMIT 1   [ RunTime:0.0003s ]
SQL: SHOW COLUMNS FROM `user_info` [ RunTime:0.0010s ]
NOTIC: [8] Undefined variable: number D:\co_project\msdai\Application\Desk\Controller\EntryController.class.php 第 56 行.
SQL: insert into user_info(uid,number,head) values('1','','我是图片') [ RunTime:0.0003s ]

[ 2018-06-17T22:45:24+08:00 ] 127.0.0.1 /desk/entry/register
INFO: [ app_init ] --START--
INFO: Run Behavior\BuildLiteBehavior [ RunTime:0.000007s ]
INFO: [ app_init ] --END-- [ RunTime:0.000266s ]
INFO: [ app_begin ] --START--
INFO: Run Behavior\ReadHtmlCacheBehavior [ RunTime:0.000361s ]
INFO: [ app_begin ] --END-- [ RunTime:0.000384s ]
INFO: [ view_parse ] --START--
INFO: [ template_filter ] --START--
INFO: Run Behavior\ContentReplaceBehavior [ RunTime:0.000039s ]
INFO: [ template_filter ] --END-- [ RunTime:0.000091s ]
INFO: Run Behavior\ParseTemplateBehavior [ RunTime:0.005461s ]
INFO: [ view_parse ] --END-- [ RunTime:0.005505s ]
INFO: [ view_filter ] --START--
INFO: Run Behavior\WriteHtmlCacheBehavior [ RunTime:0.000336s ]
INFO: [ view_filter ] --END-- [ RunTime:0.000367s ]
INFO: [ app_end ] --START--
INFO: Run Behavior\ShowPageTraceBehavior [ RunTime:0.001452s ]
INFO: [ app_end ] --END-- [ RunTime:0.001482s ]

[ 2018-06-17T22:45:32+08:00 ] 127.0.0.1 /index.php/desk/entry/register.html
INFO: [ app_init ] --START--
INFO: Run Behavior\BuildLiteBehavior [ RunTime:0.000010s ]
INFO: [ app_init ] --END-- [ RunTime:0.000443s ]
INFO: [ app_begin ] --START--
INFO: Run Behavior\ReadHtmlCacheBehavior [ RunTime:0.000369s ]
INFO: [ app_begin ] --END-- [ RunTime:0.000391s ]
NOTIC: [8] Undefined index: code D:\co_project\msdai\Application\Desk\Controller\EntryController.class.php 第 32 行.
NOTIC: [8] Undefined variable: number D:\co_project\msdai\Application\Desk\Controller\EntryController.class.php 第 39 行.
SQL: SHOW COLUMNS FROM `user` [ RunTime:0.0100s ]
NOTIC: [8] Undefined variable: rule_register D:\co_project\msdai\Application\Desk\Controller\EntryController.class.php 第 51 行.
NOTIC: [8] Undefined index: auto D:\co_project\msdai\ThinkPHP\Library\Think\Model.class.php 第 1128 行.
SQL: INSERT INTO `user` (`username`,`password`,`pid`,`code`) VALUES ('18752119984','xuhao9898','0','d41d8cd98f00b204e9800998ecf8427e') [ RunTime:0.0003s ]
SQL: SELECT `uid` FROM `user` WHERE ( username='18752119984' ) LIMIT 1   [ RunTime:0.0003s ]
SQL: SHOW COLUMNS FROM `user_info` [ RunTime:0.0081s ]
NOTIC: [8] Undefined variable: number D:\co_project\msdai\Application\Desk\Controller\EntryController.class.php 第 56 行.
ERR: 1062:Duplicate entry '1' for key 'PRIMARY'
 [ SQL语句 ] : insert into user_info(uid,number,head) values('1','','我是图片')
ERR: 1062:Duplicate entry '1' for key 'PRIMARY'
 [ SQL语句 ] : insert into user_info(uid,number,head) values('1','','我是图片')

[ 2018-06-17T22:47:31+08:00 ] 127.0.0.1 /desk/entry/register
INFO: [ app_init ] --START--
INFO: Run Behavior\BuildLiteBehavior [ RunTime:0.000013s ]
INFO: [ app_init ] --END-- [ RunTime:0.000668s ]
INFO: [ app_begin ] --START--
INFO: Run Behavior\ReadHtmlCacheBehavior [ RunTime:0.000740s ]
INFO: [ app_begin ] --END-- [ RunTime:0.000788s ]
INFO: [ view_parse ] --START--
INFO: [ template_filter ] --START--
INFO: Run Behavior\ContentReplaceBehavior [ RunTime:0.000023s ]
INFO: [ template_filter ] --END-- [ RunTime:0.000053s ]
INFO: Run Behavior\ParseTemplateBehavior [ RunTime:0.005829s ]
INFO: [ view_parse ] --END-- [ RunTime:0.005863s ]
INFO: [ view_filter ] --START--
INFO: Run Behavior\WriteHtmlCacheBehavior [ RunTime:0.000294s ]
INFO: [ view_filter ] --END-- [ RunTime:0.000314s ]
INFO: [ app_end ] --START--
INFO: Run Behavior\ShowPageTraceBehavior [ RunTime:0.000470s ]
INFO: [ app_end ] --END-- [ RunTime:0.000489s ]

[ 2018-06-17T22:47:38+08:00 ] 127.0.0.1 /index.php/desk/entry/register.html
INFO: [ app_init ] --START--
INFO: Run Behavior\BuildLiteBehavior [ RunTime:0.000027s ]
INFO: [ app_init ] --END-- [ RunTime:0.000460s ]
INFO: [ app_begin ] --START--
INFO: Run Behavior\ReadHtmlCacheBehavior [ RunTime:0.000571s ]
INFO: [ app_begin ] --END-- [ RunTime:0.000609s ]
NOTIC: [8] Undefined index: code D:\co_project\msdai\Application\Desk\Controller\EntryController.class.php 第 32 行.
NOTIC: [8] Undefined variable: number D:\co_project\msdai\Application\Desk\Controller\EntryController.class.php 第 39 行.

[ 2018-06-17T22:47:49+08:00 ] 127.0.0.1 /index.php/desk/entry/register.html
INFO: [ app_init ] --START--
INFO: Run Behavior\BuildLiteBehavior [ RunTime:0.000008s ]
INFO: [ app_init ] --END-- [ RunTime:0.000322s ]
INFO: [ app_begin ] --START--
INFO: Run Behavior\ReadHtmlCacheBehavior [ RunTime:0.000432s ]
INFO: [ app_begin ] --END-- [ RunTime:0.000457s ]
NOTIC: [8] Undefined index: code D:\co_project\msdai\Application\Desk\Controller\EntryController.class.php 第 32 行.
NOTIC: [8] Undefined variable: number D:\co_project\msdai\Application\Desk\Controller\EntryController.class.php 第 39 行.
SQL: SHOW COLUMNS FROM `user` [ RunTime:0.0605s ]
SQL: SELECT * FROM `user` WHERE `username` = '18752119984' LIMIT 1   [ RunTime:0.0003s ]

[ 2018-06-17T22:47:56+08:00 ] 127.0.0.1 /index.php/desk/entry/register.html
INFO: [ app_init ] --START--
INFO: Run Behavior\BuildLiteBehavior [ RunTime:0.000006s ]
INFO: [ app_init ] --END-- [ RunTime:0.000268s ]
INFO: [ app_begin ] --START--
INFO: Run Behavior\ReadHtmlCacheBehavior [ RunTime:0.000326s ]
INFO: [ app_begin ] --END-- [ RunTime:0.000347s ]
NOTIC: [8] Undefined index: code D:\co_project\msdai\Application\Desk\Controller\EntryController.class.php 第 32 行.
NOTIC: [8] Undefined variable: number D:\co_project\msdai\Application\Desk\Controller\EntryController.class.php 第 39 行.

[ 2018-06-17T22:48:16+08:00 ] 127.0.0.1 /index.php/desk/entry/register.html
INFO: [ app_init ] --START--
INFO: Run Behavior\BuildLiteBehavior [ RunTime:0.000007s ]
INFO: [ app_init ] --END-- [ RunTime:0.000254s ]
INFO: [ app_begin ] --START--
INFO: Run Behavior\ReadHtmlCacheBehavior [ RunTime:0.000320s ]
INFO: [ app_begin ] --END-- [ RunTime:0.000339s ]
NOTIC: [8] Undefined index: code D:\co_project\msdai\Application\Desk\Controller\EntryController.class.php 第 32 行.
NOTIC: [8] Undefined variable: number D:\co_project\msdai\Application\Desk\Controller\EntryController.class.php 第 39 行.
SQL: SHOW COLUMNS FROM `user` [ RunTime:0.0078s ]
SQL: SELECT * FROM `user` WHERE `username` = '18752119984' LIMIT 1   [ RunTime:0.0003s ]

[ 2018-06-17T22:48:25+08:00 ] 127.0.0.1 /index.php/desk/entry/register.html
INFO: [ app_init ] --START--
INFO: Run Behavior\BuildLiteBehavior [ RunTime:0.000007s ]
INFO: [ app_init ] --END-- [ RunTime:0.000279s ]
INFO: [ app_begin ] --START--
INFO: Run Behavior\ReadHtmlCacheBehavior [ RunTime:0.000323s ]
INFO: [ app_begin ] --END-- [ RunTime:0.000342s ]
NOTIC: [8] Undefined index: code D:\co_project\msdai\Application\Desk\Controller\EntryController.class.php 第 32 行.
NOTIC: [8] Undefined variable: number D:\co_project\msdai\Application\Desk\Controller\EntryController.class.php 第 39 行.
SQL: SHOW COLUMNS FROM `user` [ RunTime:0.0008s ]
SQL: SELECT * FROM `user` WHERE `username` = '18752119984' LIMIT 1   [ RunTime:0.0002s ]
NOTIC: [8] Undefined index: auto D:\co_project\msdai\ThinkPHP\Library\Think\Model.class.php 第 1128 行.
SQL: INSERT INTO `user` (`username`,`password`,`pid`,`code`) VALUES ('18752119984','xuhao9898','0','d41d8cd98f00b204e9800998ecf8427e') [ RunTime:0.0003s ]
SQL: SELECT `uid` FROM `user` WHERE ( username='18752119984' ) LIMIT 1   [ RunTime:0.0002s ]
SQL: SHOW COLUMNS FROM `user_info` [ RunTime:0.0081s ]
NOTIC: [8] Undefined variable: number D:\co_project\msdai\Application\Desk\Controller\EntryController.class.php 第 56 行.
SQL: insert into user_info(uid,number,head) values('5','','我是图片') [ RunTime:0.0002s ]

[ 2018-06-17T22:49:47+08:00 ] 127.0.0.1 /desk/entry/register
INFO: [ app_init ] --START--
INFO: Run Behavior\BuildLiteBehavior [ RunTime:0.000017s ]
INFO: [ app_init ] --END-- [ RunTime:0.004180s ]
INFO: [ app_begin ] --START--
INFO: Run Behavior\ReadHtmlCacheBehavior [ RunTime:0.004879s ]
INFO: [ app_begin ] --END-- [ RunTime:0.004908s ]
INFO: [ view_parse ] --START--
INFO: [ template_filter ] --START--
INFO: Run Behavior\ContentReplaceBehavior [ RunTime:0.000021s ]
INFO: [ template_filter ] --END-- [ RunTime:0.000049s ]
INFO: Run Behavior\ParseTemplateBehavior [ RunTime:0.018441s ]
INFO: [ view_parse ] --END-- [ RunTime:0.018478s ]
INFO: [ view_filter ] --START--
INFO: Run Behavior\WriteHtmlCacheBehavior [ RunTime:0.000320s ]
INFO: [ view_filter ] --END-- [ RunTime:0.000339s ]
INFO: [ app_end ] --START--
INFO: Run Behavior\ShowPageTraceBehavior [ RunTime:0.000546s ]
INFO: [ app_end ] --END-- [ RunTime:0.000569s ]

[ 2018-06-17T22:50:19+08:00 ] 127.0.0.1 /index.php/desk/entry/getCaptcha.html
INFO: [ app_init ] --START--
INFO: Run Behavior\BuildLiteBehavior [ RunTime:0.000006s ]
INFO: [ app_init ] --END-- [ RunTime:0.000234s ]
INFO: [ app_begin ] --START--
INFO: Run Behavior\ReadHtmlCacheBehavior [ RunTime:0.000321s ]
INFO: [ app_begin ] --END-- [ RunTime:0.000340s ]

[ 2018-06-17T22:50:53+08:00 ] 127.0.0.1 /index.php/desk/entry/register.html
INFO: [ app_init ] --START--
INFO: Run Behavior\BuildLiteBehavior [ RunTime:0.000008s ]
INFO: [ app_init ] --END-- [ RunTime:0.000332s ]
INFO: [ app_begin ] --START--
INFO: Run Behavior\ReadHtmlCacheBehavior [ RunTime:0.000445s ]
INFO: [ app_begin ] --END-- [ RunTime:0.000468s ]
SQL: SHOW COLUMNS FROM `user` [ RunTime:0.0101s ]
SQL: SELECT `uid` FROM `user` WHERE ( code='d41d8cd98f00b204e9800998ecf8427e' ) LIMIT 1   [ RunTime:0.0003s ]
NOTIC: [8] Undefined variable: number D:\co_project\msdai\Application\Desk\Controller\EntryController.class.php 第 39 行.
SQL: SELECT * FROM `user` WHERE `username` = '13852445705' LIMIT 1   [ RunTime:0.0002s ]
NOTIC: [8] Undefined index: auto D:\co_project\msdai\ThinkPHP\Library\Think\Model.class.php 第 1128 行.
SQL: INSERT INTO `user` (`username`,`password`,`pid`,`code`) VALUES ('13852445705','xuhao9898','5','d41d8cd98f00b204e9800998ecf8427e') [ RunTime:0.0002s ]
SQL: SELECT `uid` FROM `user` WHERE ( username='13852445705' ) LIMIT 1   [ RunTime:0.0002s ]
SQL: SHOW COLUMNS FROM `user_info` [ RunTime:0.0082s ]
SQL: insert into user_info(uid,number,head) values('6','13852445705','我是图片') [ RunTime:0.0003s ]

[ 2018-06-17T22:56:11+08:00 ] 127.0.0.1 /index.php/desk/entry/register.html
INFO: [ app_init ] --START--
INFO: Run Behavior\BuildLiteBehavior [ RunTime:0.000007s ]
INFO: [ app_init ] --END-- [ RunTime:0.000312s ]
INFO: [ app_begin ] --START--
INFO: Run Behavior\ReadHtmlCacheBehavior [ RunTime:0.000550s ]
INFO: [ app_begin ] --END-- [ RunTime:0.000573s ]
SQL: SHOW COLUMNS FROM `user` [ RunTime:0.0084s ]
SQL: SELECT `uid` FROM `user` WHERE ( code='d41d8cd98f00b204e9800998ecf8427e' ) LIMIT 1   [ RunTime:0.0002s ]
SQL: SELECT * FROM `user` WHERE `username` = '13852445705' LIMIT 1   [ RunTime:0.0002s ]
NOTIC: [8] Undefined index: auto D:\co_project\msdai\ThinkPHP\Library\Think\Model.class.php 第 1128 行.
ERR: 1048:Column 'pid' cannot be null
 [ SQL语句 ] : INSERT INTO `user` (`username`,`password`,`pid`,`code`) VALUES ('13852445705','xuhao9898',NULL,'ec67dd8a02eb903e244c7407a093505a')
ERR: 1048:Column 'pid' cannot be null
 [ SQL语句 ] : INSERT INTO `user` (`username`,`password`,`pid`,`code`) VALUES ('13852445705','xuhao9898',NULL,'ec67dd8a02eb903e244c7407a093505a')

[ 2018-06-17T22:57:56+08:00 ] 127.0.0.1 /desk/entry/register
INFO: [ app_init ] --START--
INFO: Run Behavior\BuildLiteBehavior [ RunTime:0.000011s ]
INFO: [ app_init ] --END-- [ RunTime:0.000411s ]
INFO: [ app_begin ] --START--
INFO: Run Behavior\ReadHtmlCacheBehavior [ RunTime:0.000653s ]
INFO: [ app_begin ] --END-- [ RunTime:0.000696s ]
INFO: [ view_parse ] --START--
INFO: [ template_filter ] --START--
INFO: Run Behavior\ContentReplaceBehavior [ RunTime:0.000030s ]
INFO: [ template_filter ] --END-- [ RunTime:0.000072s ]
INFO: Run Behavior\ParseTemplateBehavior [ RunTime:0.009710s ]
INFO: [ view_parse ] --END-- [ RunTime:0.009762s ]
INFO: [ view_filter ] --START--
INFO: Run Behavior\WriteHtmlCacheBehavior [ RunTime:0.000470s ]
INFO: [ view_filter ] --END-- [ RunTime:0.000500s ]
INFO: [ app_end ] --START--
INFO: Run Behavior\ShowPageTraceBehavior [ RunTime:0.000817s ]
INFO: [ app_end ] --END-- [ RunTime:0.000852s ]

[ 2018-06-17T22:58:10+08:00 ] 127.0.0.1 /index.php/desk/entry/register.html
INFO: [ app_init ] --START--
INFO: Run Behavior\BuildLiteBehavior [ RunTime:0.000006s ]
INFO: [ app_init ] --END-- [ RunTime:0.000232s ]
INFO: [ app_begin ] --START--
INFO: Run Behavior\ReadHtmlCacheBehavior [ RunTime:0.000321s ]
INFO: [ app_begin ] --END-- [ RunTime:0.000339s ]
SQL: SHOW COLUMNS FROM `user` [ RunTime:0.0010s ]
SQL: SELECT `uid` FROM `user` WHERE ( code='1111111' ) LIMIT 1   [ RunTime:0.0002s ]

[ 2018-06-17T22:58:20+08:00 ] 127.0.0.1 /index.php/desk/entry/register.html
INFO: [ app_init ] --START--
INFO: Run Behavior\BuildLiteBehavior [ RunTime:0.000011s ]
INFO: [ app_init ] --END-- [ RunTime:0.000462s ]
INFO: [ app_begin ] --START--
INFO: Run Behavior\ReadHtmlCacheBehavior [ RunTime:0.000716s ]
INFO: [ app_begin ] --END-- [ RunTime:0.000749s ]
SQL: SHOW COLUMNS FROM `user` [ RunTime:0.0011s ]
SQL: SELECT * FROM `user` WHERE `username` = '13852445705' LIMIT 1   [ RunTime:0.0003s ]
NOTIC: [8] Undefined index: auto D:\co_project\msdai\ThinkPHP\Library\Think\Model.class.php 第 1128 行.
SQL: INSERT INTO `user` (`username`,`password`,`pid`,`code`) VALUES ('13852445705','xuhao9898','0','ec67dd8a02eb903e244c7407a093505a') [ RunTime:0.0002s ]
SQL: SELECT `uid` FROM `user` WHERE ( username='13852445705' ) LIMIT 1   [ RunTime:0.0002s ]
SQL: SHOW COLUMNS FROM `user_info` [ RunTime:0.0154s ]
SQL: insert into user_info(uid,number,head) values('7','13852445705','我是图片') [ RunTime:0.0003s ]

[ 2018-06-17T22:58:57+08:00 ] 127.0.0.1 /index.php/desk/entry/getCaptcha.html
INFO: [ app_init ] --START--
INFO: Run Behavior\BuildLiteBehavior [ RunTime:0.000011s ]
INFO: [ app_init ] --END-- [ RunTime:0.000427s ]
INFO: [ app_begin ] --START--
INFO: Run Behavior\ReadHtmlCacheBehavior [ RunTime:0.000582s ]
INFO: [ app_begin ] --END-- [ RunTime:0.000621s ]

[ 2018-06-17T22:59:31+08:00 ] 127.0.0.1 /index.php/desk/entry/register.html
INFO: [ app_init ] --START--
INFO: Run Behavior\BuildLiteBehavior [ RunTime:0.000007s ]
INFO: [ app_init ] --END-- [ RunTime:0.000250s ]
INFO: [ app_begin ] --START--
INFO: Run Behavior\ReadHtmlCacheBehavior [ RunTime:0.000333s ]
INFO: [ app_begin ] --END-- [ RunTime:0.000353s ]
SQL: SHOW COLUMNS FROM `user` [ RunTime:0.0006s ]
SQL: SELECT `uid` FROM `user` WHERE ( code='ec67dd8a02eb903e244c7407a093505a' ) LIMIT 1   [ RunTime:0.0002s ]
SQL: SELECT * FROM `user` WHERE `username` = '18752119984' LIMIT 1   [ RunTime:0.0002s ]
NOTIC: [8] Undefined index: auto D:\co_project\msdai\ThinkPHP\Library\Think\Model.class.php 第 1128 行.
SQL: INSERT INTO `user` (`username`,`password`,`pid`,`code`) VALUES ('18752119984','xuhao9898','7','6d781e9e9fe479fa219ae1de0bc16418') [ RunTime:0.0002s ]
SQL: SELECT `uid` FROM `user` WHERE ( username='18752119984' ) LIMIT 1   [ RunTime:0.0002s ]
SQL: SHOW COLUMNS FROM `user_info` [ RunTime:0.0004s ]
SQL: insert into user_info(uid,number,head) values('8','18752119984','我是图片') [ RunTime:0.0001s ]

[ 2018-06-17T23:00:07+08:00 ] 127.0.0.1 /index.php/desk/entry/getCaptcha.html
INFO: [ app_init ] --START--
INFO: Run Behavior\BuildLiteBehavior [ RunTime:0.000009s ]
INFO: [ app_init ] --END-- [ RunTime:0.000350s ]
INFO: [ app_begin ] --START--
INFO: Run Behavior\ReadHtmlCacheBehavior [ RunTime:0.000465s ]
INFO: [ app_begin ] --END-- [ RunTime:0.000491s ]

